<?xml version="1.0" encoding="UTF-8"?>
<Site BuildName="Win32-MSBuild"
	BuildStamp="20231108-1021-Experimental"
	Name="desktop-joff"
	Generator="ctest-3.28.0-rc3"
	CompilerName="C:/Program Files/Microsoft Visual Studio/2022/Community/VC/Tools/MSVC/14.34.31933/bin/Hostx64/x64/cl.exe"
	CompilerVersion="19.34.31947.0"
	OSName="Windows"
	Hostname="desktop-joff"
	OSRelease=" Personal"
	OSVersion=" (Build 19045)"
	OSPlatform="AMD64"
	Is64Bits="1"
	VendorString="GenuineIntel"
	VendorID="Intel Corporation"
	FamilyID="6"
	ModelID="14"
	ProcessorCacheSize="-1"
	NumberOfLogicalCPU="12"
	NumberOfPhysicalCPU="6"
	TotalVirtualMemory="24415"
	TotalPhysicalMemory="16223"
	LogicalProcessorsPerPhysical="2"
	ProcessorClockFrequency="2592"
	>
	<Testing>
		<StartDateTime>Nov 08 12:26 Romance Standard Time</StartDateTime>
		<StartTestTime>1699442767</StartTestTime>
		<TestList/>
		<EndDateTime>Nov 08 12:26 Romance Standard Time</EndDateTime>
		<EndTestTime>1699442767</EndTestTime>
		<ElapsedMinutes>0</ElapsedMinutes>
	</Testing>
</Site>
